<?xml version="1.0" encoding="UTF-8"?>
<testsuite xmlns:xsi="http://www.w3.org/2001/XMLSchema-instance" xsi:noNamespaceSchemaLocation="https://maven.apache.org/surefire/maven-surefire-plugin/xsd/surefire-test-report-3.0.xsd" version="3.0" name="com.doston.JobApp.JobAppApplicationTests" time="4.691" tests="1" errors="0" skipped="0" failures="0">
  <properties>
    <property name="java.specification.version" value="17"/>
    <property name="sun.jnu.encoding" value="UTF-8"/>
    <property name="java.class.path" value="/home/doston/Documents/MyProjects/JobApp/target/test-classes:/home/doston/Documents/MyProjects/JobApp/target/classes:/home/doston/.m2/repository/org/springframework/boot/spring-boot-starter-web/3.2.0/spring-boot-starter-web-3.2.0.jar:/home/doston/.m2/repository/org/springframework/boot/spring-boot-starter/3.2.0/spring-boot-starter-3.2.0.jar:/home/doston/.m2/repository/org/springframework/boot/spring-boot-starter-logging/3.2.0/spring-boot-starter-logging-3.2.0.jar:/home/doston/.m2/repository/ch/qos/logback/logback-classic/1.4.11/logback-classic-1.4.11.jar:/home/doston/.m2/repository/ch/qos/logback/logback-core/1.4.11/logback-core-1.4.11.jar:/home/doston/.m2/repository/org/apache/logging/log4j/log4j-to-slf4j/2.21.1/log4j-to-slf4j-2.21.1.jar:/home/doston/.m2/repository/org/apache/logging/log4j/log4j-api/2.21.1/log4j-api-2.21.1.jar:/home/doston/.m2/repository/org/slf4j/jul-to-slf4j/2.0.9/jul-to-slf4j-2.0.9.jar:/home/doston/.m2/repository/jakarta/annotation/jakarta.annotation-api/2.1.1/jakarta.annotation-api-2.1.1.jar:/home/doston/.m2/repository/org/yaml/snakeyaml/2.2/snakeyaml-2.2.jar:/home/doston/.m2/repository/org/springframework/boot/spring-boot-starter-json/3.2.0/spring-boot-starter-json-3.2.0.jar:/home/doston/.m2/repository/com/fasterxml/jackson/core/jackson-databind/2.15.3/jackson-databind-2.15.3.jar:/home/doston/.m2/repository/com/fasterxml/jackson/core/jackson-annotations/2.15.3/jackson-annotations-2.15.3.jar:/home/doston/.m2/repository/com/fasterxml/jackson/core/jackson-core/2.15.3/jackson-core-2.15.3.jar:/home/doston/.m2/repository/com/fasterxml/jackson/datatype/jackson-datatype-jdk8/2.15.3/jackson-datatype-jdk8-2.15.3.jar:/home/doston/.m2/repository/com/fasterxml/jackson/datatype/jackson-datatype-jsr310/2.15.3/jackson-datatype-jsr310-2.15.3.jar:/home/doston/.m2/repository/com/fasterxml/jackson/module/jackson-module-parameter-names/2.15.3/jackson-module-parameter-names-2.15.3.jar:/home/doston/.m2/repository/org/springframework/boot/spring-boot-starter-tomcat/3.2.0/spring-boot-starter-tomcat-3.2.0.jar:/home/doston/.m2/repository/org/apache/tomcat/embed/tomcat-embed-core/10.1.16/tomcat-embed-core-10.1.16.jar:/home/doston/.m2/repository/org/apache/tomcat/embed/tomcat-embed-el/10.1.16/tomcat-embed-el-10.1.16.jar:/home/doston/.m2/repository/org/apache/tomcat/embed/tomcat-embed-websocket/10.1.16/tomcat-embed-websocket-10.1.16.jar:/home/doston/.m2/repository/org/springframework/spring-web/6.1.1/spring-web-6.1.1.jar:/home/doston/.m2/repository/org/springframework/spring-beans/6.1.1/spring-beans-6.1.1.jar:/home/doston/.m2/repository/io/micrometer/micrometer-observation/1.12.0/micrometer-observation-1.12.0.jar:/home/doston/.m2/repository/io/micrometer/micrometer-commons/1.12.0/micrometer-commons-1.12.0.jar:/home/doston/.m2/repository/org/springframework/spring-webmvc/6.1.1/spring-webmvc-6.1.1.jar:/home/doston/.m2/repository/org/springframework/spring-aop/6.1.1/spring-aop-6.1.1.jar:/home/doston/.m2/repository/org/springframework/spring-context/6.1.1/spring-context-6.1.1.jar:/home/doston/.m2/repository/org/springframework/spring-expression/6.1.1/spring-expression-6.1.1.jar:/home/doston/.m2/repository/org/apache/tomcat/tomcat-jasper/10.1.16/tomcat-jasper-10.1.16.jar:/home/doston/.m2/repository/org/apache/tomcat/tomcat-servlet-api/10.1.16/tomcat-servlet-api-10.1.16.jar:/home/doston/.m2/repository/org/apache/tomcat/tomcat-juli/10.1.16/tomcat-juli-10.1.16.jar:/home/doston/.m2/repository/org/apache/tomcat/tomcat-jsp-api/10.1.16/tomcat-jsp-api-10.1.16.jar:/home/doston/.m2/repository/org/apache/tomcat/tomcat-el-api/10.1.16/tomcat-el-api-10.1.16.jar:/home/doston/.m2/repository/org/eclipse/jdt/ecj/3.33.0/ecj-3.33.0.jar:/home/doston/.m2/repository/org/apache/tomcat/tomcat-jasper-el/10.1.16/tomcat-jasper-el-10.1.16.jar:/home/doston/.m2/repository/org/apache/tomcat/tomcat-api/10.1.16/tomcat-api-10.1.16.jar:/home/doston/.m2/repository/org/apache/tomcat/tomcat-util-scan/10.1.16/tomcat-util-scan-10.1.16.jar:/home/doston/.m2/repository/org/apache/tomcat/tomcat-util/10.1.16/tomcat-util-10.1.16.jar:/home/doston/.m2/repository/org/springframework/boot/spring-boot-devtools/3.2.0/spring-boot-devtools-3.2.0.jar:/home/doston/.m2/repository/org/springframework/boot/spring-boot/3.2.0/spring-boot-3.2.0.jar:/home/doston/.m2/repository/org/springframework/boot/spring-boot-autoconfigure/3.2.0/spring-boot-autoconfigure-3.2.0.jar:/home/doston/.m2/repository/org/projectlombok/lombok/1.18.30/lombok-1.18.30.jar:/home/doston/.m2/repository/jakarta/servlet/jsp/jstl/jakarta.servlet.jsp.jstl-api/3.0.0/jakarta.servlet.jsp.jstl-api-3.0.0.jar:/home/doston/.m2/repository/jakarta/servlet/jakarta.servlet-api/6.0.0/jakarta.servlet-api-6.0.0.jar:/home/doston/.m2/repository/jakarta/el/jakarta.el-api/5.0.0/jakarta.el-api-5.0.0.jar:/home/doston/.m2/repository/org/glassfish/web/jakarta.servlet.jsp.jstl/3.0.1/jakarta.servlet.jsp.jstl-3.0.1.jar:/home/doston/.m2/repository/javax/servlet/jstl/1.2/jstl-1.2.jar:/home/doston/.m2/repository/org/springframework/boot/spring-boot-starter-test/3.2.0/spring-boot-starter-test-3.2.0.jar:/home/doston/.m2/repository/org/springframework/boot/spring-boot-test/3.2.0/spring-boot-test-3.2.0.jar:/home/doston/.m2/repository/org/springframework/boot/spring-boot-test-autoconfigure/3.2.0/spring-boot-test-autoconfigure-3.2.0.jar:/home/doston/.m2/repository/com/jayway/jsonpath/json-path/2.8.0/json-path-2.8.0.jar:/home/doston/.m2/repository/org/slf4j/slf4j-api/2.0.9/slf4j-api-2.0.9.jar:/home/doston/.m2/repository/jakarta/xml/bind/jakarta.xml.bind-api/4.0.1/jakarta.xml.bind-api-4.0.1.jar:/home/doston/.m2/repository/jakarta/activation/jakarta.activation-api/2.1.2/jakarta.activation-api-2.1.2.jar:/home/doston/.m2/repository/net/minidev/json-smart/2.5.0/json-smart-2.5.0.jar:/home/doston/.m2/repository/net/minidev/accessors-smart/2.5.0/accessors-smart-2.5.0.jar:/home/doston/.m2/repository/org/ow2/asm/asm/9.3/asm-9.3.jar:/home/doston/.m2/repository/org/assertj/assertj-core/3.24.2/assertj-core-3.24.2.jar:/home/doston/.m2/repository/net/bytebuddy/byte-buddy/1.14.10/byte-buddy-1.14.10.jar:/home/doston/.m2/repository/org/awaitility/awaitility/4.2.0/awaitility-4.2.0.jar:/home/doston/.m2/repository/org/hamcrest/hamcrest/2.2/hamcrest-2.2.jar:/home/doston/.m2/repository/org/junit/jupiter/junit-jupiter/5.10.1/junit-jupiter-5.10.1.jar:/home/doston/.m2/repository/org/junit/jupiter/junit-jupiter-api/5.10.1/junit-jupiter-api-5.10.1.jar:/home/doston/.m2/repository/org/opentest4j/opentest4j/1.3.0/opentest4j-1.3.0.jar:/home/doston/.m2/repository/org/junit/platform/junit-platform-commons/1.10.1/junit-platform-commons-1.10.1.jar:/home/doston/.m2/repository/org/apiguardian/apiguardian-api/1.1.2/apiguardian-api-1.1.2.jar:/home/doston/.m2/repository/org/junit/jupiter/junit-jupiter-params/5.10.1/junit-jupiter-params-5.10.1.jar:/home/doston/.m2/repository/org/junit/jupiter/junit-jupiter-engine/5.10.1/junit-jupiter-engine-5.10.1.jar:/home/doston/.m2/repository/org/junit/platform/junit-platform-engine/1.10.1/junit-platform-engine-1.10.1.jar:/home/doston/.m2/repository/org/mockito/mockito-core/5.7.0/mockito-core-5.7.0.jar:/home/doston/.m2/repository/net/bytebuddy/byte-buddy-agent/1.14.10/byte-buddy-agent-1.14.10.jar:/home/doston/.m2/repository/org/objenesis/objenesis/3.3/objenesis-3.3.jar:/home/doston/.m2/repository/org/mockito/mockito-junit-jupiter/5.7.0/mockito-junit-jupiter-5.7.0.jar:/home/doston/.m2/repository/org/skyscreamer/jsonassert/1.5.1/jsonassert-1.5.1.jar:/home/doston/.m2/repository/com/vaadin/external/google/android-json/0.0.20131108.vaadin1/android-json-0.0.20131108.vaadin1.jar:/home/doston/.m2/repository/org/springframework/spring-core/6.1.1/spring-core-6.1.1.jar:/home/doston/.m2/repository/org/springframework/spring-jcl/6.1.1/spring-jcl-6.1.1.jar:/home/doston/.m2/repository/org/springframework/spring-test/6.1.1/spring-test-6.1.1.jar:/home/doston/.m2/repository/org/xmlunit/xmlunit-core/2.9.1/xmlunit-core-2.9.1.jar:"/>
    <property name="java.vm.vendor" value="Private Build"/>
    <property name="sun.arch.data.model" value="64"/>
    <property name="java.vendor.url" value="Unknown"/>
    <property name="user.timezone" value="Asia/Tashkent"/>
    <property name="os.name" value="Linux"/>
    <property name="java.vm.specification.version" value="17"/>
    <property name="sun.java.launcher" value="SUN_STANDARD"/>
    <property name="user.country" value="US"/>
    <property name="sun.boot.library.path" value="/usr/lib/jvm/java-17-openjdk-amd64/lib"/>
    <property name="sun.java.command" value="/home/doston/Documents/MyProjects/JobApp/target/surefire/surefirebooter-20240518000142575_3.jar /home/doston/Documents/MyProjects/JobApp/target/surefire 2024-05-18T00-01-37_653-jvmRun1 surefire-20240518000142575_1tmp surefire_0-20240518000142575_2tmp"/>
    <property name="jdk.debug" value="release"/>
    <property name="surefire.test.class.path" value="/home/doston/Documents/MyProjects/JobApp/target/test-classes:/home/doston/Documents/MyProjects/JobApp/target/classes:/home/doston/.m2/repository/org/springframework/boot/spring-boot-starter-web/3.2.0/spring-boot-starter-web-3.2.0.jar:/home/doston/.m2/repository/org/springframework/boot/spring-boot-starter/3.2.0/spring-boot-starter-3.2.0.jar:/home/doston/.m2/repository/org/springframework/boot/spring-boot-starter-logging/3.2.0/spring-boot-starter-logging-3.2.0.jar:/home/doston/.m2/repository/ch/qos/logback/logback-classic/1.4.11/logback-classic-1.4.11.jar:/home/doston/.m2/repository/ch/qos/logback/logback-core/1.4.11/logback-core-1.4.11.jar:/home/doston/.m2/repository/org/apache/logging/log4j/log4j-to-slf4j/2.21.1/log4j-to-slf4j-2.21.1.jar:/home/doston/.m2/repository/org/apache/logging/log4j/log4j-api/2.21.1/log4j-api-2.21.1.jar:/home/doston/.m2/repository/org/slf4j/jul-to-slf4j/2.0.9/jul-to-slf4j-2.0.9.jar:/home/doston/.m2/repository/jakarta/annotation/jakarta.annotation-api/2.1.1/jakarta.annotation-api-2.1.1.jar:/home/doston/.m2/repository/org/yaml/snakeyaml/2.2/snakeyaml-2.2.jar:/home/doston/.m2/repository/org/springframework/boot/spring-boot-starter-json/3.2.0/spring-boot-starter-json-3.2.0.jar:/home/doston/.m2/repository/com/fasterxml/jackson/core/jackson-databind/2.15.3/jackson-databind-2.15.3.jar:/home/doston/.m2/repository/com/fasterxml/jackson/core/jackson-annotations/2.15.3/jackson-annotations-2.15.3.jar:/home/doston/.m2/repository/com/fasterxml/jackson/core/jackson-core/2.15.3/jackson-core-2.15.3.jar:/home/doston/.m2/repository/com/fasterxml/jackson/datatype/jackson-datatype-jdk8/2.15.3/jackson-datatype-jdk8-2.15.3.jar:/home/doston/.m2/repository/com/fasterxml/jackson/datatype/jackson-datatype-jsr310/2.15.3/jackson-datatype-jsr310-2.15.3.jar:/home/doston/.m2/repository/com/fasterxml/jackson/module/jackson-module-parameter-names/2.15.3/jackson-module-parameter-names-2.15.3.jar:/home/doston/.m2/repository/org/springframework/boot/spring-boot-starter-tomcat/3.2.0/spring-boot-starter-tomcat-3.2.0.jar:/home/doston/.m2/repository/org/apache/tomcat/embed/tomcat-embed-core/10.1.16/tomcat-embed-core-10.1.16.jar:/home/doston/.m2/repository/org/apache/tomcat/embed/tomcat-embed-el/10.1.16/tomcat-embed-el-10.1.16.jar:/home/doston/.m2/repository/org/apache/tomcat/embed/tomcat-embed-websocket/10.1.16/tomcat-embed-websocket-10.1.16.jar:/home/doston/.m2/repository/org/springframework/spring-web/6.1.1/spring-web-6.1.1.jar:/home/doston/.m2/repository/org/springframework/spring-beans/6.1.1/spring-beans-6.1.1.jar:/home/doston/.m2/repository/io/micrometer/micrometer-observation/1.12.0/micrometer-observation-1.12.0.jar:/home/doston/.m2/repository/io/micrometer/micrometer-commons/1.12.0/micrometer-commons-1.12.0.jar:/home/doston/.m2/repository/org/springframework/spring-webmvc/6.1.1/spring-webmvc-6.1.1.jar:/home/doston/.m2/repository/org/springframework/spring-aop/6.1.1/spring-aop-6.1.1.jar:/home/doston/.m2/repository/org/springframework/spring-context/6.1.1/spring-context-6.1.1.jar:/home/doston/.m2/repository/org/springframework/spring-expression/6.1.1/spring-expression-6.1.1.jar:/home/doston/.m2/repository/org/apache/tomcat/tomcat-jasper/10.1.16/tomcat-jasper-10.1.16.jar:/home/doston/.m2/repository/org/apache/tomcat/tomcat-servlet-api/10.1.16/tomcat-servlet-api-10.1.16.jar:/home/doston/.m2/repository/org/apache/tomcat/tomcat-juli/10.1.16/tomcat-juli-10.1.16.jar:/home/doston/.m2/repository/org/apache/tomcat/tomcat-jsp-api/10.1.16/tomcat-jsp-api-10.1.16.jar:/home/doston/.m2/repository/org/apache/tomcat/tomcat-el-api/10.1.16/tomcat-el-api-10.1.16.jar:/home/doston/.m2/repository/org/eclipse/jdt/ecj/3.33.0/ecj-3.33.0.jar:/home/doston/.m2/repository/org/apache/tomcat/tomcat-jasper-el/10.1.16/tomcat-jasper-el-10.1.16.jar:/home/doston/.m2/repository/org/apache/tomcat/tomcat-api/10.1.16/tomcat-api-10.1.16.jar:/home/doston/.m2/repository/org/apache/tomcat/tomcat-util-scan/10.1.16/tomcat-util-scan-10.1.16.jar:/home/doston/.m2/repository/org/apache/tomcat/tomcat-util/10.1.16/tomcat-util-10.1.16.jar:/home/doston/.m2/repository/org/springframework/boot/spring-boot-devtools/3.2.0/spring-boot-devtools-3.2.0.jar:/home/doston/.m2/repository/org/springframework/boot/spring-boot/3.2.0/spring-boot-3.2.0.jar:/home/doston/.m2/repository/org/springframework/boot/spring-boot-autoconfigure/3.2.0/spring-boot-autoconfigure-3.2.0.jar:/home/doston/.m2/repository/org/projectlombok/lombok/1.18.30/lombok-1.18.30.jar:/home/doston/.m2/repository/jakarta/servlet/jsp/jstl/jakarta.servlet.jsp.jstl-api/3.0.0/jakarta.servlet.jsp.jstl-api-3.0.0.jar:/home/doston/.m2/repository/jakarta/servlet/jakarta.servlet-api/6.0.0/jakarta.servlet-api-6.0.0.jar:/home/doston/.m2/repository/jakarta/el/jakarta.el-api/5.0.0/jakarta.el-api-5.0.0.jar:/home/doston/.m2/repository/org/glassfish/web/jakarta.servlet.jsp.jstl/3.0.1/jakarta.servlet.jsp.jstl-3.0.1.jar:/home/doston/.m2/repository/javax/servlet/jstl/1.2/jstl-1.2.jar:/home/doston/.m2/repository/org/springframework/boot/spring-boot-starter-test/3.2.0/spring-boot-starter-test-3.2.0.jar:/home/doston/.m2/repository/org/springframework/boot/spring-boot-test/3.2.0/spring-boot-test-3.2.0.jar:/home/doston/.m2/repository/org/springframework/boot/spring-boot-test-autoconfigure/3.2.0/spring-boot-test-autoconfigure-3.2.0.jar:/home/doston/.m2/repository/com/jayway/jsonpath/json-path/2.8.0/json-path-2.8.0.jar:/home/doston/.m2/repository/org/slf4j/slf4j-api/2.0.9/slf4j-api-2.0.9.jar:/home/doston/.m2/repository/jakarta/xml/bind/jakarta.xml.bind-api/4.0.1/jakarta.xml.bind-api-4.0.1.jar:/home/doston/.m2/repository/jakarta/activation/jakarta.activation-api/2.1.2/jakarta.activation-api-2.1.2.jar:/home/doston/.m2/repository/net/minidev/json-smart/2.5.0/json-smart-2.5.0.jar:/home/doston/.m2/repository/net/minidev/accessors-smart/2.5.0/accessors-smart-2.5.0.jar:/home/doston/.m2/repository/org/ow2/asm/asm/9.3/asm-9.3.jar:/home/doston/.m2/repository/org/assertj/assertj-core/3.24.2/assertj-core-3.24.2.jar:/home/doston/.m2/repository/net/bytebuddy/byte-buddy/1.14.10/byte-buddy-1.14.10.jar:/home/doston/.m2/repository/org/awaitility/awaitility/4.2.0/awaitility-4.2.0.jar:/home/doston/.m2/repository/org/hamcrest/hamcrest/2.2/hamcrest-2.2.jar:/home/doston/.m2/repository/org/junit/jupiter/junit-jupiter/5.10.1/junit-jupiter-5.10.1.jar:/home/doston/.m2/repository/org/junit/jupiter/junit-jupiter-api/5.10.1/junit-jupiter-api-5.10.1.jar:/home/doston/.m2/repository/org/opentest4j/opentest4j/1.3.0/opentest4j-1.3.0.jar:/home/doston/.m2/repository/org/junit/platform/junit-platform-commons/1.10.1/junit-platform-commons-1.10.1.jar:/home/doston/.m2/repository/org/apiguardian/apiguardian-api/1.1.2/apiguardian-api-1.1.2.jar:/home/doston/.m2/repository/org/junit/jupiter/junit-jupiter-params/5.10.1/junit-jupiter-params-5.10.1.jar:/home/doston/.m2/repository/org/junit/jupiter/junit-jupiter-engine/5.10.1/junit-jupiter-engine-5.10.1.jar:/home/doston/.m2/repository/org/junit/platform/junit-platform-engine/1.10.1/junit-platform-engine-1.10.1.jar:/home/doston/.m2/repository/org/mockito/mockito-core/5.7.0/mockito-core-5.7.0.jar:/home/doston/.m2/repository/net/bytebuddy/byte-buddy-agent/1.14.10/byte-buddy-agent-1.14.10.jar:/home/doston/.m2/repository/org/objenesis/objenesis/3.3/objenesis-3.3.jar:/home/doston/.m2/repository/org/mockito/mockito-junit-jupiter/5.7.0/mockito-junit-jupiter-5.7.0.jar:/home/doston/.m2/repository/org/skyscreamer/jsonassert/1.5.1/jsonassert-1.5.1.jar:/home/doston/.m2/repository/com/vaadin/external/google/android-json/0.0.20131108.vaadin1/android-json-0.0.20131108.vaadin1.jar:/home/doston/.m2/repository/org/springframework/spring-core/6.1.1/spring-core-6.1.1.jar:/home/doston/.m2/repository/org/springframework/spring-jcl/6.1.1/spring-jcl-6.1.1.jar:/home/doston/.m2/repository/org/springframework/spring-test/6.1.1/spring-test-6.1.1.jar:/home/doston/.m2/repository/org/xmlunit/xmlunit-core/2.9.1/xmlunit-core-2.9.1.jar:"/>
    <property name="sun.cpu.endian" value="little"/>
    <property name="user.home" value="/home/doston"/>
    <property name="user.language" value="en"/>
    <property name="java.specification.vendor" value="Oracle Corporation"/>
    <property name="java.version.date" value="2024-01-16"/>
    <property name="java.home" value="/usr/lib/jvm/java-17-openjdk-amd64"/>
    <property name="file.separator" value="/"/>
    <property name="basedir" value="/home/doston/Documents/MyProjects/JobApp"/>
    <property name="java.vm.compressedOopsMode" value="Zero based"/>
    <property name="line.separator" value="&#10;"/>
    <property name="java.specification.name" value="Java Platform API Specification"/>
    <property name="java.vm.specification.vendor" value="Oracle Corporation"/>
    <property name="FILE_LOG_CHARSET" value="UTF-8"/>
    <property name="java.awt.headless" value="true"/>
    <property name="surefire.real.class.path" value="/home/doston/Documents/MyProjects/JobApp/target/surefire/surefirebooter-20240518000142575_3.jar"/>
    <property name="sun.management.compiler" value="HotSpot 64-Bit Tiered Compilers"/>
    <property name="java.runtime.version" value="17.0.10+7-Ubuntu-122.04.1"/>
    <property name="user.name" value="doston"/>
    <property name="path.separator" value=":"/>
    <property name="os.version" value="5.15.0-111-generic"/>
    <property name="java.runtime.name" value="OpenJDK Runtime Environment"/>
    <property name="file.encoding" value="UTF-8"/>
    <property name="java.vm.name" value="OpenJDK 64-Bit Server VM"/>
    <property name="localRepository" value="/home/doston/.m2/repository"/>
    <property name="java.vendor.url.bug" value="Unknown"/>
    <property name="java.io.tmpdir" value="/tmp"/>
    <property name="java.version" value="17.0.10"/>
    <property name="user.dir" value="/home/doston/Documents/MyProjects/JobApp"/>
    <property name="os.arch" value="amd64"/>
    <property name="java.vm.specification.name" value="Java Virtual Machine Specification"/>
    <property name="PID" value="115169"/>
    <property name="CONSOLE_LOG_CHARSET" value="UTF-8"/>
    <property name="native.encoding" value="UTF-8"/>
    <property name="java.library.path" value="/usr/java/packages/lib:/usr/lib/x86_64-linux-gnu/jni:/lib/x86_64-linux-gnu:/usr/lib/x86_64-linux-gnu:/usr/lib/jni:/lib:/usr/lib"/>
    <property name="java.vm.info" value="mixed mode, sharing"/>
    <property name="java.vendor" value="Private Build"/>
    <property name="java.vm.version" value="17.0.10+7-Ubuntu-122.04.1"/>
    <property name="sun.io.unicode.encoding" value="UnicodeLittle"/>
    <property name="java.class.version" value="61.0"/>
    <property name="LOGGED_APPLICATION_NAME" value="[JobApp] "/>
  </properties>
  <testcase name="contextLoads" classname="com.doston.JobApp.JobAppApplicationTests" time="1.039">
    <system-out><![CDATA[00:01:44.495 [main] INFO org.springframework.test.context.support.AnnotationConfigContextLoaderUtils -- Could not detect default configuration classes for test class [com.doston.JobApp.JobAppApplicationTests]: JobAppApplicationTests does not declare any static, non-private, non-final, nested classes annotated with @Configuration.
00:01:44.669 [main] INFO org.springframework.boot.test.context.SpringBootTestContextBootstrapper -- Found @SpringBootConfiguration com.doston.JobApp.JobAppApplication for test class com.doston.JobApp.JobAppApplicationTests
00:01:45.083 [main] INFO org.springframework.boot.devtools.restart.RestartApplicationListener -- Restart disabled due to context in which it is running

  .   ____          _            __ _ _
 /\\ / ___'_ __ _ _(_)_ __  __ _ \ \ \ \
( ( )\___ | '_ | '_| | '_ \/ _` | \ \ \ \
 \\/  ___)| |_)| | | | | || (_| |  ) ) ) )
  '  |____| .__|_| |_|_| |_\__, | / / / /
 =========|_|==============|___/=/_/_/_/
 :: Spring Boot ::                (v3.2.0)

2024-05-18T00:01:45.691+05:00  INFO 115169 --- [JobApp] [           main] c.doston.JobApp.JobAppApplicationTests   : Starting JobAppApplicationTests using Java 17.0.10 with PID 115169 (started by doston in /home/doston/Documents/MyProjects/JobApp)
2024-05-18T00:01:45.693+05:00  INFO 115169 --- [JobApp] [           main] c.doston.JobApp.JobAppApplicationTests   : No active profile set, falling back to 1 default profile: "default"
2024-05-18T00:01:47.847+05:00  INFO 115169 --- [JobApp] [           main] c.doston.JobApp.JobAppApplicationTests   : Started JobAppApplicationTests in 2.785 seconds (process running for 5.143)
]]></system-out>
  </testcase>
</testsuite>